2017-01-06 3:08:08 - MOD: Modification Default

FILE: system/engine/action.php
REGEX: ~(require|include)(_once)?\(([^)]+)~
LINE: 41

FILE: system/engine/loader.php
REGEX: ~(require|include)(_once)?\(([^)]+)~
LINE: 49
LINE: 108
LINE: 120
LINE: 165

FILE: system/library/config.php
REGEX: ~(require|include)(_once)?\(([^)]+)~
LINE: 23

FILE: system/library/language.php
REGEX: ~(require|include)(_once)?\(([^)]+)~
LINE: 38
LINE: 40
LINE: 49
LINE: 51
LINE: 60
LINE: 62

FILE: system/library/template/php.php
REGEX: ~(require|include)(_once)?\(([^)]+)~
LINE: 18

FILE: system/library/template/tiwg.php
REGEX: ~(require|include)(_once)?\(([^)]+)~
LINE: 24
----------------------------------------------------------------
MOD: Blog For Opencart 2.3.x

FILE: admin/controller/common/column_left.php
CODE: if ($this->user->hasPermission('access', 'marketing/marketing')) {
LINE: 397

FILE: catalog/view/theme/default/template/common/footer.tpl
CODE: <?php foreach ($informations as $information) { ?>
LINE: 10

FILE: catalog/controller/common/footer.php
CODE: $data['informations'] = array();
LINE: 30

FILE: admin/controller/extension/theme/theme_default.php
CODE: $this->load->language('extension/theme/theme_default');
LINE: 10
CODE: $data['entry_image_related'] = $this->language->get('entry_image_related');
LINE: 48
CODE: if (isset($this->error['image_related'])) {
LINE: 126
CODE: if (isset($this->request->post['theme_default_image_related_width'])) {
LINE: 336
CODE: if (!$this->request->post['theme_default_image_related_width'] || !$this->request->post['theme_default_image_related_height']) {
LINE: 468

FILE: admin/view/template/extension/theme/theme_default.tpl
CODE: <label class="col-sm-2 control-label" for="input-image-related"><?php echo $entry_image_related; ?></label>
LINE: 196
----------------------------------------------------------------
MOD: Layered Navigation Ajax by Plaza Themes

FILE: catalog/controller/product/category.php
CODE: $this->response->setOutput($this->load->view('product/category', $data));
LINE: 376
CODE: 'href' => $this->url->link('product/category', 'path=' . $this->request->get['path'] . '_' . $result['category_id'] . $url)
LINE: 162
CODE: $this->url->link('product/category', 'path=' . $this->request->get['path'] . '&sort=p.sort_order&order=ASC' . $url)
LINE: 241
CODE: $this->url->link('product/category', 'path=' . $this->request->get['path'] . '&sort=pd.name&order=ASC' . $url)
LINE: 247
CODE: $this->url->link('product/category', 'path=' . $this->request->get['path'] . '&sort=pd.name&order=DESC' . $url)
LINE: 253
CODE: $this->url->link('product/category', 'path=' . $this->request->get['path'] . '&sort=p.price&order=ASC' . $url)
LINE: 259
CODE: $this->url->link('product/category', 'path=' . $this->request->get['path'] . '&sort=p.price&order=DESC' . $url)
LINE: 265
CODE: $this->url->link('product/category', 'path=' . $this->request->get['path'] . '&sort=rating&order=DESC' . $url)
LINE: 272
CODE: $this->url->link('product/category', 'path=' . $this->request->get['path'] . '&sort=rating&order=ASC' . $url)
LINE: 278
CODE: $this->url->link('product/category', 'path=' . $this->request->get['path'] . '&sort=p.model&order=ASC' . $url)
LINE: 285
CODE: $this->url->link('product/category', 'path=' . $this->request->get['path'] . '&sort=p.model&order=DESC' . $url)
LINE: 291
CODE: $this->url->link('product/category', 'path=' . $this->request->get['path'] . $url . '&limit=' . $value)
LINE: 318
CODE: $pagination->url = $this->url->link('product/category', 'path=' . $this->request->get['path'] . $url . '&page={page}');
LINE: 344

FILE: catalog/model/catalog/product.php
CODE: if (!empty($data['filter_manufacturer_id'])) {
LINE: 161
LINE: 528
----------------------------------------------------------------
MOD: Product Rotator Image by Plaza Themes

FILE: admin/controller/catalog/product.php
CODE: public function index() {
LINE: 10
CODE: $data['entry_image'] = $this->language->get('entry_image');
LINE: 420
LINE: 608
CODE: 'sort_order' => $product_image['sort_order']
LINE: 1259

FILE: admin/model/catalog/product.php
CODE: $this->db->query("INSERT INTO " . DB_PREFIX . "product_image SET product_id = '" . (int)$product_id . "', image = '" . $this->db->escape($product_image['image']) . "', sort_order = '" . (int)$product_image['sort_order'] . "'");
LINE: 68
LINE: 205

FILE: admin/view/template/catalog/product_form.tpl
CODE: <td class="text-right"><?php echo $entry_sort_order; ?></td>
LINE: 831
CODE: <td class="text-left"><button type="button" onclick="$('#image-row<?php echo $image_row; ?>').remove();" data-toggle="tooltip" title="<?php echo $button_remove; ?>" class="btn btn-danger"><i class="fa fa-minus-circle"></i></button></td>
LINE: 856
CODE: function addImage() {
LINE: 1386
CODE: $('#images tbody').append(html);
LINE: 1404
CODE: html += '  <td class="text-left"><button type="button" onclick="$(\'#image-row' + image_row  + '\').remove();" data-toggle="tooltip" title="<?php echo $button_remove; ?>" class="btn btn-danger"><i class="fa fa-minus-circle"></i></button></td>';
LINE: 1400
----------------------------------------------------------------
MOD: Theme Administrator

FILE: admin/controller/common/header.php
CODE: $data['title'] = $this->document->getTitle();
LINE: 3
----------------------------------------------------------------
MOD: Themes

FILE: admin/model/localisation/language.php
CODE: foreach ($query->rows as $recurring) {
LINE: 201
CODE: $this->db->query("DELETE FROM " . DB_PREFIX . "option_description WHERE language_id = '" . (int)$language_id . "'");
LINE: 250
CODE: foreach ($query->rows as $recurring) {
LINE: 216
CODE: $this->db->query("DELETE FROM " . DB_PREFIX . "option_description WHERE language_id = '" . (int)$language_id . "'");
LINE: 266

FILE: admin/controller/design/layout.php
CODE: $data['text_content_top'] = $this->language->get('text_content_top');
LINE: 270
CODE: $this->response->setOutput($this->load->view('design/layout_form', $data));
LINE: 438

FILE: admin/language/en-gb/design/layout.php
CODE: $_['text_column_right']   = 'Column Right';
LINE: 21
CODE: $this->load->language('common/footer');
LINE: 7
CODE: $data['newsletter'] = $this->url->link('account/newsletter', '', true);
LINE: 58

FILE: catalog/controller/common/header.php
CODE: $data['cart'] = $this->load->controller('common/cart');
LINE: 131
CODE: $data['text_all'] = $this->language->get('text_all');
LINE: 73
CODE: $this->load->model('catalog/category');
LINE: 94
CODE: $this->load->language('common/header');
LINE: 57
CODE: $data['text_home'] = $this->language->get('text_home');
LINE: 68

FILE: catalog/controller/common/home.php
CODE: $data['header'] = $this->load->controller('common/header');
LINE: 19
CODE: $this->load->model('tool/image');
LINE: 12
CODE: $results = $this->model_catalog_product->getProducts($filter_data);
LINE: 185
CODE: $data['products'][] = array(
LINE: 260
CODE: 'product_id'  => $result['product_id'],
LINE: 267
CODE: $data['text_limit'] = $this->language->get('text_limit');
LINE: 115

FILE: catalog/controller/product/search.php
CODE: $this->load->model('tool/image');
LINE: 12
CODE: $results = $this->model_catalog_product->getProducts($filter_data);
LINE: 220
CODE: $data['products'][] = array(
LINE: 320
CODE: 'product_id'  => $result['product_id'],
LINE: 327
CODE: $data['text_limit'] = $this->language->get('text_limit');
LINE: 151

FILE: catalog/controller/product/special.php
CODE: $this->load->model('tool/image');
LINE: 10
CODE: $results = $this->model_catalog_product->getProducts($filter_data);
NOT FOUND - OPERATIONS ABORTED!

FILE: catalog/controller/product/product.php
CODE: $this->load->model('tool/image');
LINE: 284
CODE: $data['description'] = html_entity_decode($product_info['description'], ENT_QUOTES, 'UTF-8');
LINE: 274
CODE: $results = $this->model_catalog_product->getProducts($filter_data);
NOT FOUND - OPERATIONS ABORTED!

FILE: catalog/language/en-gb/checkout/cart.php
CODE: $_['text_payment_cancel']      = '%s every %d %s(s) until canceled';
LINE: 30

FILE: catalog/controller/checkout/cart.php
CODE: $data['button_checkout'] = $this->language->get('button_checkout');
LINE: 40
----------------------------------------------------------------
